<?xml version="1.0" encoding="UTF-8" ?>
<testsuite failures="2" time="0.131" errors="0" skipped="0" tests="17" name="org.mybatis.generator.api.dom.java.FullyQualifiedJavaTypeTest">
  <properties>
[...]
</properties>
  <testcase time="0.004" classname="org.mybatis.generator.api.dom.java.FullyQualifiedJavaTypeTest" name="testSimpleType"/>
  <testcase time="0" classname="org.mybatis.generator.api.dom.java.FullyQualifiedJavaTypeTest" name="testSimpleType2"/>
  <testcase time="0" classname="org.mybatis.generator.api.dom.java.FullyQualifiedJavaTypeTest" name="testSimpleType3"/>
  <testcase time="0.001" classname="org.mybatis.generator.api.dom.java.FullyQualifiedJavaTypeTest" name="testGenericType1"/>
  <testcase time="0" classname="org.mybatis.generator.api.dom.java.FullyQualifiedJavaTypeTest" name="testGenericType2"/>
  <testcase time="0" classname="org.mybatis.generator.api.dom.java.FullyQualifiedJavaTypeTest" name="testGenericType3"/>
  <testcase time="0" classname="org.mybatis.generator.api.dom.java.FullyQualifiedJavaTypeTest" name="testGenericType4"/>
  <testcase time="0" classname="org.mybatis.generator.api.dom.java.FullyQualifiedJavaTypeTest" name="testWildcardType1"/>
  <testcase time="0" classname="org.mybatis.generator.api.dom.java.FullyQualifiedJavaTypeTest" name="testWildcardType2"/>
  <testcase time="0" classname="org.mybatis.generator.api.dom.java.FullyQualifiedJavaTypeTest" name="testWildcardType3"/>
  <testcase time="0" classname="org.mybatis.generator.api.dom.java.FullyQualifiedJavaTypeTest" name="testWildcardType4"/>
  <testcase time="0" classname="org.mybatis.generator.api.dom.java.FullyQualifiedJavaTypeTest" name="testWildcardType5"/>
  <testcase time="0.001" classname="org.mybatis.generator.api.dom.java.FullyQualifiedJavaTypeTest" name="testNestedClass1">
    <failure message="expected:&lt;org.foo[]&gt; but was:&lt;org.foo[.Bar]&gt;" type="org.junit.ComparisonFailure">org.junit.ComparisonFailure: expected:&lt;org.foo[]&gt; but was:&lt;org.foo[.Bar]&gt;
	at org.junit.Assert.assertEquals(Assert.java:123)
	at org.junit.Assert.assertEquals(Assert.java:145)
	at org.mybatis.generator.api.dom.java.FullyQualifiedJavaTypeTest.testNestedClass1(FullyQualifiedJavaTypeTest.java:198)
	at sun.reflect.NativeMethodAccessorImpl.invoke0(Native Method)
	at sun.reflect.NativeMethodAccessorImpl.invoke(NativeMethodAccessorImpl.java:57)
	at sun.reflect.DelegatingMethodAccessorImpl.invoke(DelegatingMethodAccessorImpl.java:43)
	at java.lang.reflect.Method.invoke(Method.java:601)
	at org.junit.runners.model.FrameworkMethod$1.runReflectiveCall(FrameworkMethod.java:44)
	at org.junit.internal.runners.model.ReflectiveCallable.run(ReflectiveCallable.java:15)
	at org.junit.runners.model.FrameworkMethod.invokeExplosively(FrameworkMethod.java:41)
	at org.junit.internal.runners.statements.InvokeMethod.evaluate(InvokeMethod.java:20)
	at org.junit.runners.BlockJUnit4ClassRunner.runNotIgnored(BlockJUnit4ClassRunner.java:79)
	at org.junit.runners.BlockJUnit4ClassRunner.runChild(BlockJUnit4ClassRunner.java:71)
	at org.junit.runners.BlockJUnit4ClassRunner.runChild(BlockJUnit4ClassRunner.java:49)
	at org.junit.runners.ParentRunner$3.run(ParentRunner.java:193)
	at org.junit.runners.ParentRunner$1.schedule(ParentRunner.java:52)
	at org.junit.runners.ParentRunner.runChildren(ParentRunner.java:191)
	at org.junit.runners.ParentRunner.access$000(ParentRunner.java:42)
	at org.junit.runners.ParentRunner$2.evaluate(ParentRunner.java:184)
	at org.junit.runners.ParentRunner.run(ParentRunner.java:236)
	at org.apache.maven.surefire.junit4.JUnit4TestSet.execute(JUnit4TestSet.java:53)
	at org.apache.maven.surefire.junit4.JUnit4Provider.executeTestSet(JUnit4Provider.java:123)
	at org.apache.maven.surefire.junit4.JUnit4Provider.invoke(JUnit4Provider.java:104)
	at sun.reflect.NativeMethodAccessorImpl.invoke0(Native Method)
	at sun.reflect.NativeMethodAccessorImpl.invoke(NativeMethodAccessorImpl.java:57)
	at sun.reflect.DelegatingMethodAccessorImpl.invoke(DelegatingMethodAccessorImpl.java:43)
	at java.lang.reflect.Method.invoke(Method.java:601)
	at org.apache.maven.surefire.util.ReflectionUtils.invokeMethodWithArray(ReflectionUtils.java:164)
	at org.apache.maven.surefire.booter.ProviderFactory$ProviderProxy.invoke(ProviderFactory.java:110)
	at org.apache.maven.surefire.booter.SurefireStarter.invokeProvider(SurefireStarter.java:175)
	at org.apache.maven.surefire.booter.SurefireStarter.runSuitesInProcessWhenForked(SurefireStarter.java:107)
	at org.apache.maven.surefire.booter.ForkedBooter.main(ForkedBooter.java:68)
</failure>
  </testcase>
  <testcase time="0.001" classname="org.mybatis.generator.api.dom.java.FullyQualifiedJavaTypeTest" name="testNestedClass2">
    <failure message="expected:&lt;org.foo[]&gt; but was:&lt;org.foo[.Bar.Inner]&gt;" type="org.junit.ComparisonFailure">org.junit.ComparisonFailure: expected:&lt;org.foo[]&gt; but was:&lt;org.foo[.Bar.Inner]&gt;
	at org.junit.Assert.assertEquals(Assert.java:123)
	at org.junit.Assert.assertEquals(Assert.java:145)
	at org.mybatis.generator.api.dom.java.FullyQualifiedJavaTypeTest.testNestedClass2(FullyQualifiedJavaTypeTest.java:209)
	at sun.reflect.NativeMethodAccessorImpl.invoke0(Native Method)
	at sun.reflect.NativeMethodAccessorImpl.invoke(NativeMethodAccessorImpl.java:57)
	at sun.reflect.DelegatingMethodAccessorImpl.invoke(DelegatingMethodAccessorImpl.java:43)
	at java.lang.reflect.Method.invoke(Method.java:601)
	at org.junit.runners.model.FrameworkMethod$1.runReflectiveCall(FrameworkMethod.java:44)
	at org.junit.internal.runners.model.ReflectiveCallable.run(ReflectiveCallable.java:15)
	at org.junit.runners.model.FrameworkMethod.invokeExplosively(FrameworkMethod.java:41)
	at org.junit.internal.runners.statements.InvokeMethod.evaluate(InvokeMethod.java:20)
	at org.junit.runners.BlockJUnit4ClassRunner.runNotIgnored(BlockJUnit4ClassRunner.java:79)
	at org.junit.runners.BlockJUnit4ClassRunner.runChild(BlockJUnit4ClassRunner.java:71)
	at org.junit.runners.BlockJUnit4ClassRunner.runChild(BlockJUnit4ClassRunner.java:49)
	at org.junit.runners.ParentRunner$3.run(ParentRunner.java:193)
	at org.junit.runners.ParentRunner$1.schedule(ParentRunner.java:52)
	at org.junit.runners.ParentRunner.runChildren(ParentRunner.java:191)
	at org.junit.runners.ParentRunner.access$000(ParentRunner.java:42)
	at org.junit.runners.ParentRunner$2.evaluate(ParentRunner.java:184)
	at org.junit.runners.ParentRunner.run(ParentRunner.java:236)
	at org.apache.maven.surefire.junit4.JUnit4TestSet.execute(JUnit4TestSet.java:53)
	at org.apache.maven.surefire.junit4.JUnit4Provider.executeTestSet(JUnit4Provider.java:123)
	at org.apache.maven.surefire.junit4.JUnit4Provider.invoke(JUnit4Provider.java:104)
	at sun.reflect.NativeMethodAccessorImpl.invoke0(Native Method)
	at sun.reflect.NativeMethodAccessorImpl.invoke(NativeMethodAccessorImpl.java:57)
	at sun.reflect.DelegatingMethodAccessorImpl.invoke(DelegatingMethodAccessorImpl.java:43)
	at java.lang.reflect.Method.invoke(Method.java:601)
	at org.apache.maven.surefire.util.ReflectionUtils.invokeMethodWithArray(ReflectionUtils.java:164)
	at org.apache.maven.surefire.booter.ProviderFactory$ProviderProxy.invoke(ProviderFactory.java:110)
	at org.apache.maven.surefire.booter.SurefireStarter.invokeProvider(SurefireStarter.java:175)
	at org.apache.maven.surefire.booter.SurefireStarter.runSuitesInProcessWhenForked(SurefireStarter.java:107)
	at org.apache.maven.surefire.booter.ForkedBooter.main(ForkedBooter.java:68)
</failure>
  </testcase>
  <testcase time="0" classname="org.mybatis.generator.api.dom.java.FullyQualifiedJavaTypeTest" name="testNestedClass3"/>
  <testcase time="0" classname="org.mybatis.generator.api.dom.java.FullyQualifiedJavaTypeTest" name="testImportList"/>
  <testcase time="0" classname="org.mybatis.generator.api.dom.java.FullyQualifiedJavaTypeTest" name="testJavaType"/>
</testsuite>